   0  $accept : file $end

   1  file : decls
   2       |

   3  decls : decl
   4        | decls decl

   5  decl : outsideBlockDecl

   6  insideBlockDecls : insideBlockDecl
   7                   | insideBlockDecls insideBlockDecl

   8  outsideBlockDecl : funcDecl
   9                   | funcDef
  10                   | outBlockVarDecl ';'

  11  insideBlockDecl : inBlockVarDecl ';'

  12  inBlockVarDecl : type tIDENTIFIER
  13                 | type tIDENTIFIER '=' expr
  14                 | '<' type '>' tIDENTIFIER '=' expr

  15  outBlockVarDecl : tLOCAL type tIDENTIFIER
  16                  | tLOCAL type tIDENTIFIER '=' expr
  17                  | tIMPORT type tIDENTIFIER
  18                  | tLOCAL '<' type '>' tIDENTIFIER '=' expr
  19                  | tIMPORT '<' type '>' tIDENTIFIER
  20                  | type tIDENTIFIER
  21                  | type tIDENTIFIER '=' expr
  22                  | '<' type '>' tIDENTIFIER '=' expr

  23  funcDef : tLOCAL type tIDENTIFIER '(' funcArgs ')' block
  24          | tLOCAL type tIDENTIFIER '(' funcArgs ')' '=' literal block
  25          | tLOCAL '!' tIDENTIFIER '(' funcArgs ')' block
  26          | type tIDENTIFIER '(' funcArgs ')' block
  27          | type tIDENTIFIER '(' funcArgs ')' '=' literal block
  28          | '!' tIDENTIFIER '(' funcArgs ')' block

  29  funcDecl : '!' tIDENTIFIER '(' funcArgs ')'
  30           | type tIDENTIFIER '(' funcArgs ')'
  31           | tLOCAL type tIDENTIFIER '(' funcArgs ')'
  32           | tLOCAL '!' tIDENTIFIER '(' funcArgs ')'
  33           | tIMPORT type tIDENTIFIER '(' funcArgs ')'
  34           | tIMPORT '!' tIDENTIFIER '(' funcArgs ')'

  35  funcArgs : args
  36           |

  37  args : arg
  38       | args ',' arg

  39  arg : type tIDENTIFIER

  40  block : '{' insideBlockDecls list returnable '}'
  41        | '{' insideBlockDecls returnable '}'
  42        | '{' list returnable '}'
  43        | '{' returnable '}'

  44  returnable : tRETURN
  45             |

  46  type : '#'
  47       | '$'
  48       | '*'
  49       | '%'

  50  literal : tINTEGER
  51          | strLiteral
  52          | tREAL
  53          | tNOOB

  54  strLiteral : tSTRING
  55             | strLiteral tSTRING

  56  list : stmt
  57       | list stmt

  58  stmt : expr ';'
  59       | expr tPRINTLINE
  60       | expr '!'
  61       | tIF '(' expr ')' stmt
  62       | tIF '(' expr ')' stmt tELSE stmt
  63       | tREPEAT '(' optExpr ';' optExpr ';' optExpr ')' stmt
  64       | tSTOP ';'
  65       | tSTOP tINTEGER ';'
  66       | tNEXT ';'
  67       | tNEXT tINTEGER ';'
  68       | block

  69  expr : literal
  70       | functionCall
  71       | '~' expr
  72       | '-' expr
  73       | '+' expr
  74       | expr '&' expr
  75       | expr '|' expr
  76       | expr '+' expr
  77       | expr '-' expr
  78       | expr '*' expr
  79       | expr '/' expr
  80       | expr '%' expr
  81       | expr '<' expr
  82       | expr '>' expr
  83       | expr tGE expr
  84       | expr tLE expr
  85       | expr tNE expr
  86       | expr tEQ expr
  87       | '[' expr ']'
  88       | '(' expr ')'
  89       | '@'
  90       | lval '?'
  91       | lval
  92       | lval '=' expr

  93  functionCall : tIDENTIFIER '(' exprArgs ')'
  94               | tIDENTIFIER '(' ')'

  95  optExpr : expr
  96          |

  97  exprArgs : expr ',' exprArgs
  98           | expr

  99  lval : tIDENTIFIER
 100       | lval '[' expr ']'
 101       | functionCall '[' expr ']'
 102       | '(' expr ')' '[' expr ']'

state 0
	$accept : . file $end  (0)
	file : .  (2)

	tIMPORT  shift 1
	tLOCAL  shift 2
	'<'  shift 3
	'*'  shift 4
	'%'  shift 5
	'!'  shift 6
	'#'  shift 7
	'$'  shift 8
	$end  reduce 2

	file  goto 9
	funcDecl  goto 10
	decl  goto 11
	funcDef  goto 12
	outBlockVarDecl  goto 13
	outsideBlockDecl  goto 14
	decls  goto 15
	type  goto 16


state 1
	outBlockVarDecl : tIMPORT . type tIDENTIFIER  (17)
	outBlockVarDecl : tIMPORT . '<' type '>' tIDENTIFIER  (19)
	funcDecl : tIMPORT . type tIDENTIFIER '(' funcArgs ')'  (33)
	funcDecl : tIMPORT . '!' tIDENTIFIER '(' funcArgs ')'  (34)

	'<'  shift 17
	'*'  shift 4
	'%'  shift 5
	'!'  shift 18
	'#'  shift 7
	'$'  shift 8
	.  error

	type  goto 19


state 2
	outBlockVarDecl : tLOCAL . type tIDENTIFIER  (15)
	outBlockVarDecl : tLOCAL . type tIDENTIFIER '=' expr  (16)
	outBlockVarDecl : tLOCAL . '<' type '>' tIDENTIFIER '=' expr  (18)
	funcDef : tLOCAL . type tIDENTIFIER '(' funcArgs ')' block  (23)
	funcDef : tLOCAL . type tIDENTIFIER '(' funcArgs ')' '=' literal block  (24)
	funcDef : tLOCAL . '!' tIDENTIFIER '(' funcArgs ')' block  (25)
	funcDecl : tLOCAL . type tIDENTIFIER '(' funcArgs ')'  (31)
	funcDecl : tLOCAL . '!' tIDENTIFIER '(' funcArgs ')'  (32)

	'<'  shift 20
	'*'  shift 4
	'%'  shift 5
	'!'  shift 21
	'#'  shift 7
	'$'  shift 8
	.  error

	type  goto 22


state 3
	outBlockVarDecl : '<' . type '>' tIDENTIFIER '=' expr  (22)

	'*'  shift 4
	'%'  shift 5
	'#'  shift 7
	'$'  shift 8
	.  error

	type  goto 23


state 4
	type : '*' .  (48)

	.  reduce 48


state 5
	type : '%' .  (49)

	.  reduce 49


state 6
	funcDef : '!' . tIDENTIFIER '(' funcArgs ')' block  (28)
	funcDecl : '!' . tIDENTIFIER '(' funcArgs ')'  (29)

	tIDENTIFIER  shift 24
	.  error


state 7
	type : '#' .  (46)

	.  reduce 46


state 8
	type : '$' .  (47)

	.  reduce 47


state 9
	$accept : file . $end  (0)

	$end  accept


state 10
	outsideBlockDecl : funcDecl .  (8)

	.  reduce 8


state 11
	decls : decl .  (3)

	.  reduce 3


state 12
	outsideBlockDecl : funcDef .  (9)

	.  reduce 9


state 13
	outsideBlockDecl : outBlockVarDecl . ';'  (10)

	';'  shift 25
	.  error


state 14
	decl : outsideBlockDecl .  (5)

	.  reduce 5


state 15
	file : decls .  (1)
	decls : decls . decl  (4)

	tIMPORT  shift 1
	tLOCAL  shift 2
	'<'  shift 3
	'*'  shift 4
	'%'  shift 5
	'!'  shift 6
	'#'  shift 7
	'$'  shift 8
	$end  reduce 1

	funcDecl  goto 10
	decl  goto 26
	funcDef  goto 12
	outBlockVarDecl  goto 13
	outsideBlockDecl  goto 14
	type  goto 16


state 16
	outBlockVarDecl : type . tIDENTIFIER  (20)
	outBlockVarDecl : type . tIDENTIFIER '=' expr  (21)
	funcDef : type . tIDENTIFIER '(' funcArgs ')' block  (26)
	funcDef : type . tIDENTIFIER '(' funcArgs ')' '=' literal block  (27)
	funcDecl : type . tIDENTIFIER '(' funcArgs ')'  (30)

	tIDENTIFIER  shift 27
	.  error


state 17
	outBlockVarDecl : tIMPORT '<' . type '>' tIDENTIFIER  (19)

	'*'  shift 4
	'%'  shift 5
	'#'  shift 7
	'$'  shift 8
	.  error

	type  goto 28


state 18
	funcDecl : tIMPORT '!' . tIDENTIFIER '(' funcArgs ')'  (34)

	tIDENTIFIER  shift 29
	.  error


state 19
	outBlockVarDecl : tIMPORT type . tIDENTIFIER  (17)
	funcDecl : tIMPORT type . tIDENTIFIER '(' funcArgs ')'  (33)

	tIDENTIFIER  shift 30
	.  error


state 20
	outBlockVarDecl : tLOCAL '<' . type '>' tIDENTIFIER '=' expr  (18)

	'*'  shift 4
	'%'  shift 5
	'#'  shift 7
	'$'  shift 8
	.  error

	type  goto 31


state 21
	funcDef : tLOCAL '!' . tIDENTIFIER '(' funcArgs ')' block  (25)
	funcDecl : tLOCAL '!' . tIDENTIFIER '(' funcArgs ')'  (32)

	tIDENTIFIER  shift 32
	.  error


state 22
	outBlockVarDecl : tLOCAL type . tIDENTIFIER  (15)
	outBlockVarDecl : tLOCAL type . tIDENTIFIER '=' expr  (16)
	funcDef : tLOCAL type . tIDENTIFIER '(' funcArgs ')' block  (23)
	funcDef : tLOCAL type . tIDENTIFIER '(' funcArgs ')' '=' literal block  (24)
	funcDecl : tLOCAL type . tIDENTIFIER '(' funcArgs ')'  (31)

	tIDENTIFIER  shift 33
	.  error


state 23
	outBlockVarDecl : '<' type . '>' tIDENTIFIER '=' expr  (22)

	'>'  shift 34
	.  error


state 24
	funcDef : '!' tIDENTIFIER . '(' funcArgs ')' block  (28)
	funcDecl : '!' tIDENTIFIER . '(' funcArgs ')'  (29)

	'('  shift 35
	.  error


state 25
	outsideBlockDecl : outBlockVarDecl ';' .  (10)

	.  reduce 10


state 26
	decls : decls decl .  (4)

	.  reduce 4


state 27
	outBlockVarDecl : type tIDENTIFIER .  (20)
	outBlockVarDecl : type tIDENTIFIER . '=' expr  (21)
	funcDef : type tIDENTIFIER . '(' funcArgs ')' block  (26)
	funcDef : type tIDENTIFIER . '(' funcArgs ')' '=' literal block  (27)
	funcDecl : type tIDENTIFIER . '(' funcArgs ')'  (30)

	'='  shift 36
	'('  shift 37
	';'  reduce 20


state 28
	outBlockVarDecl : tIMPORT '<' type . '>' tIDENTIFIER  (19)

	'>'  shift 38
	.  error


state 29
	funcDecl : tIMPORT '!' tIDENTIFIER . '(' funcArgs ')'  (34)

	'('  shift 39
	.  error


state 30
	outBlockVarDecl : tIMPORT type tIDENTIFIER .  (17)
	funcDecl : tIMPORT type tIDENTIFIER . '(' funcArgs ')'  (33)

	'('  shift 40
	';'  reduce 17


state 31
	outBlockVarDecl : tLOCAL '<' type . '>' tIDENTIFIER '=' expr  (18)

	'>'  shift 41
	.  error


state 32
	funcDef : tLOCAL '!' tIDENTIFIER . '(' funcArgs ')' block  (25)
	funcDecl : tLOCAL '!' tIDENTIFIER . '(' funcArgs ')'  (32)

	'('  shift 42
	.  error


state 33
	outBlockVarDecl : tLOCAL type tIDENTIFIER .  (15)
	outBlockVarDecl : tLOCAL type tIDENTIFIER . '=' expr  (16)
	funcDef : tLOCAL type tIDENTIFIER . '(' funcArgs ')' block  (23)
	funcDef : tLOCAL type tIDENTIFIER . '(' funcArgs ')' '=' literal block  (24)
	funcDecl : tLOCAL type tIDENTIFIER . '(' funcArgs ')'  (31)

	'='  shift 43
	'('  shift 44
	';'  reduce 15


state 34
	outBlockVarDecl : '<' type '>' . tIDENTIFIER '=' expr  (22)

	tIDENTIFIER  shift 45
	.  error


state 35
	funcDef : '!' tIDENTIFIER '(' . funcArgs ')' block  (28)
	funcDecl : '!' tIDENTIFIER '(' . funcArgs ')'  (29)
	funcArgs : .  (36)

	'*'  shift 4
	'%'  shift 5
	'#'  shift 7
	'$'  shift 8
	')'  reduce 36

	arg  goto 46
	funcArgs  goto 47
	args  goto 48
	type  goto 49


state 36
	outBlockVarDecl : type tIDENTIFIER '=' . expr  (21)

	tINTEGER  shift 50
	tIDENTIFIER  shift 51
	tSTRING  shift 52
	tREAL  shift 53
	tNOOB  shift 54
	'+'  shift 55
	'-'  shift 56
	'~'  shift 57
	'('  shift 58
	'['  shift 59
	'@'  shift 60
	.  error

	expr  goto 61
	literal  goto 62
	functionCall  goto 63
	lval  goto 64
	strLiteral  goto 65


state 37
	funcDef : type tIDENTIFIER '(' . funcArgs ')' block  (26)
	funcDef : type tIDENTIFIER '(' . funcArgs ')' '=' literal block  (27)
	funcDecl : type tIDENTIFIER '(' . funcArgs ')'  (30)
	funcArgs : .  (36)

	'*'  shift 4
	'%'  shift 5
	'#'  shift 7
	'$'  shift 8
	')'  reduce 36

	arg  goto 46
	funcArgs  goto 66
	args  goto 48
	type  goto 49


state 38
	outBlockVarDecl : tIMPORT '<' type '>' . tIDENTIFIER  (19)

	tIDENTIFIER  shift 67
	.  error


state 39
	funcDecl : tIMPORT '!' tIDENTIFIER '(' . funcArgs ')'  (34)
	funcArgs : .  (36)

	'*'  shift 4
	'%'  shift 5
	'#'  shift 7
	'$'  shift 8
	')'  reduce 36

	arg  goto 46
	funcArgs  goto 68
	args  goto 48
	type  goto 49


state 40
	funcDecl : tIMPORT type tIDENTIFIER '(' . funcArgs ')'  (33)
	funcArgs : .  (36)

	'*'  shift 4
	'%'  shift 5
	'#'  shift 7
	'$'  shift 8
	')'  reduce 36

	arg  goto 46
	funcArgs  goto 69
	args  goto 48
	type  goto 49


state 41
	outBlockVarDecl : tLOCAL '<' type '>' . tIDENTIFIER '=' expr  (18)

	tIDENTIFIER  shift 70
	.  error


state 42
	funcDef : tLOCAL '!' tIDENTIFIER '(' . funcArgs ')' block  (25)
	funcDecl : tLOCAL '!' tIDENTIFIER '(' . funcArgs ')'  (32)
	funcArgs : .  (36)

	'*'  shift 4
	'%'  shift 5
	'#'  shift 7
	'$'  shift 8
	')'  reduce 36

	arg  goto 46
	funcArgs  goto 71
	args  goto 48
	type  goto 49


state 43
	outBlockVarDecl : tLOCAL type tIDENTIFIER '=' . expr  (16)

	tINTEGER  shift 50
	tIDENTIFIER  shift 51
	tSTRING  shift 52
	tREAL  shift 53
	tNOOB  shift 54
	'+'  shift 55
	'-'  shift 56
	'~'  shift 57
	'('  shift 58
	'['  shift 59
	'@'  shift 60
	.  error

	expr  goto 72
	literal  goto 62
	functionCall  goto 63
	lval  goto 64
	strLiteral  goto 65


state 44
	funcDef : tLOCAL type tIDENTIFIER '(' . funcArgs ')' block  (23)
	funcDef : tLOCAL type tIDENTIFIER '(' . funcArgs ')' '=' literal block  (24)
	funcDecl : tLOCAL type tIDENTIFIER '(' . funcArgs ')'  (31)
	funcArgs : .  (36)

	'*'  shift 4
	'%'  shift 5
	'#'  shift 7
	'$'  shift 8
	')'  reduce 36

	arg  goto 46
	funcArgs  goto 73
	args  goto 48
	type  goto 49


state 45
	outBlockVarDecl : '<' type '>' tIDENTIFIER . '=' expr  (22)

	'='  shift 74
	.  error


state 46
	args : arg .  (37)

	.  reduce 37


state 47
	funcDef : '!' tIDENTIFIER '(' funcArgs . ')' block  (28)
	funcDecl : '!' tIDENTIFIER '(' funcArgs . ')'  (29)

	')'  shift 75
	.  error


state 48
	funcArgs : args .  (35)
	args : args . ',' arg  (38)

	','  shift 76
	')'  reduce 35


state 49
	arg : type . tIDENTIFIER  (39)

	tIDENTIFIER  shift 77
	.  error


state 50
	literal : tINTEGER .  (50)

	.  reduce 50


state 51
	functionCall : tIDENTIFIER . '(' exprArgs ')'  (93)
	functionCall : tIDENTIFIER . '(' ')'  (94)
	lval : tIDENTIFIER .  (99)

	'('  shift 78
	tPRINTLINE  reduce 99
	'='  reduce 99
	'&'  reduce 99
	'|'  reduce 99
	tGE  reduce 99
	tLE  reduce 99
	tEQ  reduce 99
	tNE  reduce 99
	'>'  reduce 99
	'<'  reduce 99
	'+'  reduce 99
	'-'  reduce 99
	'*'  reduce 99
	'/'  reduce 99
	'%'  reduce 99
	';'  reduce 99
	')'  reduce 99
	'!'  reduce 99
	','  reduce 99
	'['  reduce 99
	']'  reduce 99
	'?'  reduce 99


state 52
	strLiteral : tSTRING .  (54)

	.  reduce 54


state 53
	literal : tREAL .  (52)

	.  reduce 52


state 54
	literal : tNOOB .  (53)

	.  reduce 53


state 55
	expr : '+' . expr  (73)

	tINTEGER  shift 50
	tIDENTIFIER  shift 51
	tSTRING  shift 52
	tREAL  shift 53
	tNOOB  shift 54
	'+'  shift 55
	'-'  shift 56
	'~'  shift 57
	'('  shift 58
	'['  shift 59
	'@'  shift 60
	.  error

	expr  goto 79
	literal  goto 62
	functionCall  goto 63
	lval  goto 64
	strLiteral  goto 65


state 56
	expr : '-' . expr  (72)

	tINTEGER  shift 50
	tIDENTIFIER  shift 51
	tSTRING  shift 52
	tREAL  shift 53
	tNOOB  shift 54
	'+'  shift 55
	'-'  shift 56
	'~'  shift 57
	'('  shift 58
	'['  shift 59
	'@'  shift 60
	.  error

	expr  goto 80
	literal  goto 62
	functionCall  goto 63
	lval  goto 64
	strLiteral  goto 65


state 57
	expr : '~' . expr  (71)

	tINTEGER  shift 50
	tIDENTIFIER  shift 51
	tSTRING  shift 52
	tREAL  shift 53
	tNOOB  shift 54
	'+'  shift 55
	'-'  shift 56
	'~'  shift 57
	'('  shift 58
	'['  shift 59
	'@'  shift 60
	.  error

	expr  goto 81
	literal  goto 62
	functionCall  goto 63
	lval  goto 64
	strLiteral  goto 65


state 58
	expr : '(' . expr ')'  (88)
	lval : '(' . expr ')' '[' expr ']'  (102)

	tINTEGER  shift 50
	tIDENTIFIER  shift 51
	tSTRING  shift 52
	tREAL  shift 53
	tNOOB  shift 54
	'+'  shift 55
	'-'  shift 56
	'~'  shift 57
	'('  shift 58
	'['  shift 59
	'@'  shift 60
	.  error

	expr  goto 82
	literal  goto 62
	functionCall  goto 63
	lval  goto 64
	strLiteral  goto 65


state 59
	expr : '[' . expr ']'  (87)

	tINTEGER  shift 50
	tIDENTIFIER  shift 51
	tSTRING  shift 52
	tREAL  shift 53
	tNOOB  shift 54
	'+'  shift 55
	'-'  shift 56
	'~'  shift 57
	'('  shift 58
	'['  shift 59
	'@'  shift 60
	.  error

	expr  goto 83
	literal  goto 62
	functionCall  goto 63
	lval  goto 64
	strLiteral  goto 65


state 60
	expr : '@' .  (89)

	.  reduce 89


state 61
	outBlockVarDecl : type tIDENTIFIER '=' expr .  (21)
	expr : expr . '&' expr  (74)
	expr : expr . '|' expr  (75)
	expr : expr . '+' expr  (76)
	expr : expr . '-' expr  (77)
	expr : expr . '*' expr  (78)
	expr : expr . '/' expr  (79)
	expr : expr . '%' expr  (80)
	expr : expr . '<' expr  (81)
	expr : expr . '>' expr  (82)
	expr : expr . tGE expr  (83)
	expr : expr . tLE expr  (84)
	expr : expr . tNE expr  (85)
	expr : expr . tEQ expr  (86)

	'&'  shift 84
	'|'  shift 85
	tGE  shift 86
	tLE  shift 87
	tEQ  shift 88
	tNE  shift 89
	'>'  shift 90
	'<'  shift 91
	'+'  shift 92
	'-'  shift 93
	'*'  shift 94
	'/'  shift 95
	'%'  shift 96
	';'  reduce 21


state 62
	expr : literal .  (69)

	.  reduce 69


state 63
	expr : functionCall .  (70)
	lval : functionCall . '[' expr ']'  (101)

	'['  shift 97
	tPRINTLINE  reduce 70
	'&'  reduce 70
	'|'  reduce 70
	tGE  reduce 70
	tLE  reduce 70
	tEQ  reduce 70
	tNE  reduce 70
	'>'  reduce 70
	'<'  reduce 70
	'+'  reduce 70
	'-'  reduce 70
	'*'  reduce 70
	'/'  reduce 70
	'%'  reduce 70
	';'  reduce 70
	')'  reduce 70
	'!'  reduce 70
	','  reduce 70
	']'  reduce 70


state 64
	expr : lval . '?'  (90)
	expr : lval .  (91)
	expr : lval . '=' expr  (92)
	lval : lval . '[' expr ']'  (100)

	'='  shift 98
	'['  shift 99
	'?'  shift 100
	tPRINTLINE  reduce 91
	'&'  reduce 91
	'|'  reduce 91
	tGE  reduce 91
	tLE  reduce 91
	tEQ  reduce 91
	tNE  reduce 91
	'>'  reduce 91
	'<'  reduce 91
	'+'  reduce 91
	'-'  reduce 91
	'*'  reduce 91
	'/'  reduce 91
	'%'  reduce 91
	';'  reduce 91
	')'  reduce 91
	'!'  reduce 91
	','  reduce 91
	']'  reduce 91


state 65
	literal : strLiteral .  (51)
	strLiteral : strLiteral . tSTRING  (55)

	tSTRING  shift 101
	tPRINTLINE  reduce 51
	'&'  reduce 51
	'|'  reduce 51
	tGE  reduce 51
	tLE  reduce 51
	tEQ  reduce 51
	tNE  reduce 51
	'>'  reduce 51
	'<'  reduce 51
	'+'  reduce 51
	'-'  reduce 51
	'*'  reduce 51
	'/'  reduce 51
	'%'  reduce 51
	';'  reduce 51
	')'  reduce 51
	'!'  reduce 51
	','  reduce 51
	'{'  reduce 51
	']'  reduce 51


state 66
	funcDef : type tIDENTIFIER '(' funcArgs . ')' block  (26)
	funcDef : type tIDENTIFIER '(' funcArgs . ')' '=' literal block  (27)
	funcDecl : type tIDENTIFIER '(' funcArgs . ')'  (30)

	')'  shift 102
	.  error


state 67
	outBlockVarDecl : tIMPORT '<' type '>' tIDENTIFIER .  (19)

	.  reduce 19


state 68
	funcDecl : tIMPORT '!' tIDENTIFIER '(' funcArgs . ')'  (34)

	')'  shift 103
	.  error


state 69
	funcDecl : tIMPORT type tIDENTIFIER '(' funcArgs . ')'  (33)

	')'  shift 104
	.  error


state 70
	outBlockVarDecl : tLOCAL '<' type '>' tIDENTIFIER . '=' expr  (18)

	'='  shift 105
	.  error


state 71
	funcDef : tLOCAL '!' tIDENTIFIER '(' funcArgs . ')' block  (25)
	funcDecl : tLOCAL '!' tIDENTIFIER '(' funcArgs . ')'  (32)

	')'  shift 106
	.  error


state 72
	outBlockVarDecl : tLOCAL type tIDENTIFIER '=' expr .  (16)
	expr : expr . '&' expr  (74)
	expr : expr . '|' expr  (75)
	expr : expr . '+' expr  (76)
	expr : expr . '-' expr  (77)
	expr : expr . '*' expr  (78)
	expr : expr . '/' expr  (79)
	expr : expr . '%' expr  (80)
	expr : expr . '<' expr  (81)
	expr : expr . '>' expr  (82)
	expr : expr . tGE expr  (83)
	expr : expr . tLE expr  (84)
	expr : expr . tNE expr  (85)
	expr : expr . tEQ expr  (86)

	'&'  shift 84
	'|'  shift 85
	tGE  shift 86
	tLE  shift 87
	tEQ  shift 88
	tNE  shift 89
	'>'  shift 90
	'<'  shift 91
	'+'  shift 92
	'-'  shift 93
	'*'  shift 94
	'/'  shift 95
	'%'  shift 96
	';'  reduce 16


state 73
	funcDef : tLOCAL type tIDENTIFIER '(' funcArgs . ')' block  (23)
	funcDef : tLOCAL type tIDENTIFIER '(' funcArgs . ')' '=' literal block  (24)
	funcDecl : tLOCAL type tIDENTIFIER '(' funcArgs . ')'  (31)

	')'  shift 107
	.  error


state 74
	outBlockVarDecl : '<' type '>' tIDENTIFIER '=' . expr  (22)

	tINTEGER  shift 50
	tIDENTIFIER  shift 51
	tSTRING  shift 52
	tREAL  shift 53
	tNOOB  shift 54
	'+'  shift 55
	'-'  shift 56
	'~'  shift 57
	'('  shift 58
	'['  shift 59
	'@'  shift 60
	.  error

	expr  goto 108
	literal  goto 62
	functionCall  goto 63
	lval  goto 64
	strLiteral  goto 65


state 75
	funcDef : '!' tIDENTIFIER '(' funcArgs ')' . block  (28)
	funcDecl : '!' tIDENTIFIER '(' funcArgs ')' .  (29)

	'{'  shift 109
	$end  reduce 29
	tIMPORT  reduce 29
	tLOCAL  reduce 29
	'<'  reduce 29
	'*'  reduce 29
	'%'  reduce 29
	'!'  reduce 29
	'#'  reduce 29
	'$'  reduce 29

	block  goto 110


state 76
	args : args ',' . arg  (38)

	'*'  shift 4
	'%'  shift 5
	'#'  shift 7
	'$'  shift 8
	.  error

	arg  goto 111
	type  goto 49


state 77
	arg : type tIDENTIFIER .  (39)

	.  reduce 39


state 78
	functionCall : tIDENTIFIER '(' . exprArgs ')'  (93)
	functionCall : tIDENTIFIER '(' . ')'  (94)

	tINTEGER  shift 50
	tIDENTIFIER  shift 51
	tSTRING  shift 52
	tREAL  shift 53
	tNOOB  shift 54
	'+'  shift 55
	'-'  shift 56
	'~'  shift 57
	'('  shift 58
	')'  shift 112
	'['  shift 59
	'@'  shift 60
	.  error

	exprArgs  goto 113
	expr  goto 114
	literal  goto 62
	functionCall  goto 63
	lval  goto 64
	strLiteral  goto 65


state 79
	expr : '+' expr .  (73)
	expr : expr . '&' expr  (74)
	expr : expr . '|' expr  (75)
	expr : expr . '+' expr  (76)
	expr : expr . '-' expr  (77)
	expr : expr . '*' expr  (78)
	expr : expr . '/' expr  (79)
	expr : expr . '%' expr  (80)
	expr : expr . '<' expr  (81)
	expr : expr . '>' expr  (82)
	expr : expr . tGE expr  (83)
	expr : expr . tLE expr  (84)
	expr : expr . tNE expr  (85)
	expr : expr . tEQ expr  (86)

	.  reduce 73


state 80
	expr : '-' expr .  (72)
	expr : expr . '&' expr  (74)
	expr : expr . '|' expr  (75)
	expr : expr . '+' expr  (76)
	expr : expr . '-' expr  (77)
	expr : expr . '*' expr  (78)
	expr : expr . '/' expr  (79)
	expr : expr . '%' expr  (80)
	expr : expr . '<' expr  (81)
	expr : expr . '>' expr  (82)
	expr : expr . tGE expr  (83)
	expr : expr . tLE expr  (84)
	expr : expr . tNE expr  (85)
	expr : expr . tEQ expr  (86)

	.  reduce 72


state 81
	expr : '~' expr .  (71)
	expr : expr . '&' expr  (74)
	expr : expr . '|' expr  (75)
	expr : expr . '+' expr  (76)
	expr : expr . '-' expr  (77)
	expr : expr . '*' expr  (78)
	expr : expr . '/' expr  (79)
	expr : expr . '%' expr  (80)
	expr : expr . '<' expr  (81)
	expr : expr . '>' expr  (82)
	expr : expr . tGE expr  (83)
	expr : expr . tLE expr  (84)
	expr : expr . tNE expr  (85)
	expr : expr . tEQ expr  (86)

	.  reduce 71


state 82
	expr : expr . '&' expr  (74)
	expr : expr . '|' expr  (75)
	expr : expr . '+' expr  (76)
	expr : expr . '-' expr  (77)
	expr : expr . '*' expr  (78)
	expr : expr . '/' expr  (79)
	expr : expr . '%' expr  (80)
	expr : expr . '<' expr  (81)
	expr : expr . '>' expr  (82)
	expr : expr . tGE expr  (83)
	expr : expr . tLE expr  (84)
	expr : expr . tNE expr  (85)
	expr : expr . tEQ expr  (86)
	expr : '(' expr . ')'  (88)
	lval : '(' expr . ')' '[' expr ']'  (102)

	'&'  shift 84
	'|'  shift 85
	tGE  shift 86
	tLE  shift 87
	tEQ  shift 88
	tNE  shift 89
	'>'  shift 90
	'<'  shift 91
	'+'  shift 92
	'-'  shift 93
	'*'  shift 94
	'/'  shift 95
	'%'  shift 96
	')'  shift 115
	.  error


state 83
	expr : expr . '&' expr  (74)
	expr : expr . '|' expr  (75)
	expr : expr . '+' expr  (76)
	expr : expr . '-' expr  (77)
	expr : expr . '*' expr  (78)
	expr : expr . '/' expr  (79)
	expr : expr . '%' expr  (80)
	expr : expr . '<' expr  (81)
	expr : expr . '>' expr  (82)
	expr : expr . tGE expr  (83)
	expr : expr . tLE expr  (84)
	expr : expr . tNE expr  (85)
	expr : expr . tEQ expr  (86)
	expr : '[' expr . ']'  (87)

	'&'  shift 84
	'|'  shift 85
	tGE  shift 86
	tLE  shift 87
	tEQ  shift 88
	tNE  shift 89
	'>'  shift 90
	'<'  shift 91
	'+'  shift 92
	'-'  shift 93
	'*'  shift 94
	'/'  shift 95
	'%'  shift 96
	']'  shift 116
	.  error


state 84
	expr : expr '&' . expr  (74)

	tINTEGER  shift 50
	tIDENTIFIER  shift 51
	tSTRING  shift 52
	tREAL  shift 53
	tNOOB  shift 54
	'+'  shift 55
	'-'  shift 56
	'~'  shift 57
	'('  shift 58
	'['  shift 59
	'@'  shift 60
	.  error

	expr  goto 117
	literal  goto 62
	functionCall  goto 63
	lval  goto 64
	strLiteral  goto 65


state 85
	expr : expr '|' . expr  (75)

	tINTEGER  shift 50
	tIDENTIFIER  shift 51
	tSTRING  shift 52
	tREAL  shift 53
	tNOOB  shift 54
	'+'  shift 55
	'-'  shift 56
	'~'  shift 57
	'('  shift 58
	'['  shift 59
	'@'  shift 60
	.  error

	expr  goto 118
	literal  goto 62
	functionCall  goto 63
	lval  goto 64
	strLiteral  goto 65


state 86
	expr : expr tGE . expr  (83)

	tINTEGER  shift 50
	tIDENTIFIER  shift 51
	tSTRING  shift 52
	tREAL  shift 53
	tNOOB  shift 54
	'+'  shift 55
	'-'  shift 56
	'~'  shift 57
	'('  shift 58
	'['  shift 59
	'@'  shift 60
	.  error

	expr  goto 119
	literal  goto 62
	functionCall  goto 63
	lval  goto 64
	strLiteral  goto 65


state 87
	expr : expr tLE . expr  (84)

	tINTEGER  shift 50
	tIDENTIFIER  shift 51
	tSTRING  shift 52
	tREAL  shift 53
	tNOOB  shift 54
	'+'  shift 55
	'-'  shift 56
	'~'  shift 57
	'('  shift 58
	'['  shift 59
	'@'  shift 60
	.  error

	expr  goto 120
	literal  goto 62
	functionCall  goto 63
	lval  goto 64
	strLiteral  goto 65


state 88
	expr : expr tEQ . expr  (86)

	tINTEGER  shift 50
	tIDENTIFIER  shift 51
	tSTRING  shift 52
	tREAL  shift 53
	tNOOB  shift 54
	'+'  shift 55
	'-'  shift 56
	'~'  shift 57
	'('  shift 58
	'['  shift 59
	'@'  shift 60
	.  error

	expr  goto 121
	literal  goto 62
	functionCall  goto 63
	lval  goto 64
	strLiteral  goto 65


state 89
	expr : expr tNE . expr  (85)

	tINTEGER  shift 50
	tIDENTIFIER  shift 51
	tSTRING  shift 52
	tREAL  shift 53
	tNOOB  shift 54
	'+'  shift 55
	'-'  shift 56
	'~'  shift 57
	'('  shift 58
	'['  shift 59
	'@'  shift 60
	.  error

	expr  goto 122
	literal  goto 62
	functionCall  goto 63
	lval  goto 64
	strLiteral  goto 65


state 90
	expr : expr '>' . expr  (82)

	tINTEGER  shift 50
	tIDENTIFIER  shift 51
	tSTRING  shift 52
	tREAL  shift 53
	tNOOB  shift 54
	'+'  shift 55
	'-'  shift 56
	'~'  shift 57
	'('  shift 58
	'['  shift 59
	'@'  shift 60
	.  error

	expr  goto 123
	literal  goto 62
	functionCall  goto 63
	lval  goto 64
	strLiteral  goto 65


state 91
	expr : expr '<' . expr  (81)

	tINTEGER  shift 50
	tIDENTIFIER  shift 51
	tSTRING  shift 52
	tREAL  shift 53
	tNOOB  shift 54
	'+'  shift 55
	'-'  shift 56
	'~'  shift 57
	'('  shift 58
	'['  shift 59
	'@'  shift 60
	.  error

	expr  goto 124
	literal  goto 62
	functionCall  goto 63
	lval  goto 64
	strLiteral  goto 65


state 92
	expr : expr '+' . expr  (76)

	tINTEGER  shift 50
	tIDENTIFIER  shift 51
	tSTRING  shift 52
	tREAL  shift 53
	tNOOB  shift 54
	'+'  shift 55
	'-'  shift 56
	'~'  shift 57
	'('  shift 58
	'['  shift 59
	'@'  shift 60
	.  error

	expr  goto 125
	literal  goto 62
	functionCall  goto 63
	lval  goto 64
	strLiteral  goto 65


state 93
	expr : expr '-' . expr  (77)

	tINTEGER  shift 50
	tIDENTIFIER  shift 51
	tSTRING  shift 52
	tREAL  shift 53
	tNOOB  shift 54
	'+'  shift 55
	'-'  shift 56
	'~'  shift 57
	'('  shift 58
	'['  shift 59
	'@'  shift 60
	.  error

	expr  goto 126
	literal  goto 62
	functionCall  goto 63
	lval  goto 64
	strLiteral  goto 65


state 94
	expr : expr '*' . expr  (78)

	tINTEGER  shift 50
	tIDENTIFIER  shift 51
	tSTRING  shift 52
	tREAL  shift 53
	tNOOB  shift 54
	'+'  shift 55
	'-'  shift 56
	'~'  shift 57
	'('  shift 58
	'['  shift 59
	'@'  shift 60
	.  error

	expr  goto 127
	literal  goto 62
	functionCall  goto 63
	lval  goto 64
	strLiteral  goto 65


state 95
	expr : expr '/' . expr  (79)

	tINTEGER  shift 50
	tIDENTIFIER  shift 51
	tSTRING  shift 52
	tREAL  shift 53
	tNOOB  shift 54
	'+'  shift 55
	'-'  shift 56
	'~'  shift 57
	'('  shift 58
	'['  shift 59
	'@'  shift 60
	.  error

	expr  goto 128
	literal  goto 62
	functionCall  goto 63
	lval  goto 64
	strLiteral  goto 65


state 96
	expr : expr '%' . expr  (80)

	tINTEGER  shift 50
	tIDENTIFIER  shift 51
	tSTRING  shift 52
	tREAL  shift 53
	tNOOB  shift 54
	'+'  shift 55
	'-'  shift 56
	'~'  shift 57
	'('  shift 58
	'['  shift 59
	'@'  shift 60
	.  error

	expr  goto 129
	literal  goto 62
	functionCall  goto 63
	lval  goto 64
	strLiteral  goto 65


state 97
	lval : functionCall '[' . expr ']'  (101)

	tINTEGER  shift 50
	tIDENTIFIER  shift 51
	tSTRING  shift 52
	tREAL  shift 53
	tNOOB  shift 54
	'+'  shift 55
	'-'  shift 56
	'~'  shift 57
	'('  shift 58
	'['  shift 59
	'@'  shift 60
	.  error

	expr  goto 130
	literal  goto 62
	functionCall  goto 63
	lval  goto 64
	strLiteral  goto 65


state 98
	expr : lval '=' . expr  (92)

	tINTEGER  shift 50
	tIDENTIFIER  shift 51
	tSTRING  shift 52
	tREAL  shift 53
	tNOOB  shift 54
	'+'  shift 55
	'-'  shift 56
	'~'  shift 57
	'('  shift 58
	'['  shift 59
	'@'  shift 60
	.  error

	expr  goto 131
	literal  goto 62
	functionCall  goto 63
	lval  goto 64
	strLiteral  goto 65


state 99
	lval : lval '[' . expr ']'  (100)

	tINTEGER  shift 50
	tIDENTIFIER  shift 51
	tSTRING  shift 52
	tREAL  shift 53
	tNOOB  shift 54
	'+'  shift 55
	'-'  shift 56
	'~'  shift 57
	'('  shift 58
	'['  shift 59
	'@'  shift 60
	.  error

	expr  goto 132
	literal  goto 62
	functionCall  goto 63
	lval  goto 64
	strLiteral  goto 65


state 100
	expr : lval '?' .  (90)

	.  reduce 90


state 101
	strLiteral : strLiteral tSTRING .  (55)

	.  reduce 55


state 102
	funcDef : type tIDENTIFIER '(' funcArgs ')' . block  (26)
	funcDef : type tIDENTIFIER '(' funcArgs ')' . '=' literal block  (27)
	funcDecl : type tIDENTIFIER '(' funcArgs ')' .  (30)

	'='  shift 133
	'{'  shift 109
	$end  reduce 30
	tIMPORT  reduce 30
	tLOCAL  reduce 30
	'<'  reduce 30
	'*'  reduce 30
	'%'  reduce 30
	'!'  reduce 30
	'#'  reduce 30
	'$'  reduce 30

	block  goto 134


state 103
	funcDecl : tIMPORT '!' tIDENTIFIER '(' funcArgs ')' .  (34)

	.  reduce 34


state 104
	funcDecl : tIMPORT type tIDENTIFIER '(' funcArgs ')' .  (33)

	.  reduce 33


state 105
	outBlockVarDecl : tLOCAL '<' type '>' tIDENTIFIER '=' . expr  (18)

	tINTEGER  shift 50
	tIDENTIFIER  shift 51
	tSTRING  shift 52
	tREAL  shift 53
	tNOOB  shift 54
	'+'  shift 55
	'-'  shift 56
	'~'  shift 57
	'('  shift 58
	'['  shift 59
	'@'  shift 60
	.  error

	expr  goto 135
	literal  goto 62
	functionCall  goto 63
	lval  goto 64
	strLiteral  goto 65


state 106
	funcDef : tLOCAL '!' tIDENTIFIER '(' funcArgs ')' . block  (25)
	funcDecl : tLOCAL '!' tIDENTIFIER '(' funcArgs ')' .  (32)

	'{'  shift 109
	$end  reduce 32
	tIMPORT  reduce 32
	tLOCAL  reduce 32
	'<'  reduce 32
	'*'  reduce 32
	'%'  reduce 32
	'!'  reduce 32
	'#'  reduce 32
	'$'  reduce 32

	block  goto 136


state 107
	funcDef : tLOCAL type tIDENTIFIER '(' funcArgs ')' . block  (23)
	funcDef : tLOCAL type tIDENTIFIER '(' funcArgs ')' . '=' literal block  (24)
	funcDecl : tLOCAL type tIDENTIFIER '(' funcArgs ')' .  (31)

	'='  shift 137
	'{'  shift 109
	$end  reduce 31
	tIMPORT  reduce 31
	tLOCAL  reduce 31
	'<'  reduce 31
	'*'  reduce 31
	'%'  reduce 31
	'!'  reduce 31
	'#'  reduce 31
	'$'  reduce 31

	block  goto 138


state 108
	outBlockVarDecl : '<' type '>' tIDENTIFIER '=' expr .  (22)
	expr : expr . '&' expr  (74)
	expr : expr . '|' expr  (75)
	expr : expr . '+' expr  (76)
	expr : expr . '-' expr  (77)
	expr : expr . '*' expr  (78)
	expr : expr . '/' expr  (79)
	expr : expr . '%' expr  (80)
	expr : expr . '<' expr  (81)
	expr : expr . '>' expr  (82)
	expr : expr . tGE expr  (83)
	expr : expr . tLE expr  (84)
	expr : expr . tNE expr  (85)
	expr : expr . tEQ expr  (86)

	'&'  shift 84
	'|'  shift 85
	tGE  shift 86
	tLE  shift 87
	tEQ  shift 88
	tNE  shift 89
	'>'  shift 90
	'<'  shift 91
	'+'  shift 92
	'-'  shift 93
	'*'  shift 94
	'/'  shift 95
	'%'  shift 96
	';'  reduce 22


state 109
	block : '{' . insideBlockDecls list returnable '}'  (40)
	block : '{' . insideBlockDecls returnable '}'  (41)
	block : '{' . list returnable '}'  (42)
	block : '{' . returnable '}'  (43)
	returnable : .  (45)

	tINTEGER  shift 50
	tIDENTIFIER  shift 51
	tSTRING  shift 52
	tREAL  shift 53
	tREPEAT  shift 139
	tIF  shift 140
	tRETURN  shift 141
	tNOOB  shift 54
	tNEXT  shift 142
	tSTOP  shift 143
	'<'  shift 144
	'+'  shift 55
	'-'  shift 56
	'*'  shift 4
	'%'  shift 5
	'~'  shift 57
	'('  shift 58
	'{'  shift 109
	'#'  shift 7
	'$'  shift 8
	'['  shift 59
	'@'  shift 60
	'}'  reduce 45

	stmt  goto 145
	block  goto 146
	insideBlockDecl  goto 147
	returnable  goto 148
	inBlockVarDecl  goto 149
	list  goto 150
	insideBlockDecls  goto 151
	expr  goto 152
	literal  goto 62
	functionCall  goto 63
	lval  goto 64
	type  goto 153
	strLiteral  goto 65


state 110
	funcDef : '!' tIDENTIFIER '(' funcArgs ')' block .  (28)

	.  reduce 28


state 111
	args : args ',' arg .  (38)

	.  reduce 38


state 112
	functionCall : tIDENTIFIER '(' ')' .  (94)

	.  reduce 94


state 113
	functionCall : tIDENTIFIER '(' exprArgs . ')'  (93)

	')'  shift 154
	.  error


state 114
	expr : expr . '&' expr  (74)
	expr : expr . '|' expr  (75)
	expr : expr . '+' expr  (76)
	expr : expr . '-' expr  (77)
	expr : expr . '*' expr  (78)
	expr : expr . '/' expr  (79)
	expr : expr . '%' expr  (80)
	expr : expr . '<' expr  (81)
	expr : expr . '>' expr  (82)
	expr : expr . tGE expr  (83)
	expr : expr . tLE expr  (84)
	expr : expr . tNE expr  (85)
	expr : expr . tEQ expr  (86)
	exprArgs : expr . ',' exprArgs  (97)
	exprArgs : expr .  (98)

	'&'  shift 84
	'|'  shift 85
	tGE  shift 86
	tLE  shift 87
	tEQ  shift 88
	tNE  shift 89
	'>'  shift 90
	'<'  shift 91
	'+'  shift 92
	'-'  shift 93
	'*'  shift 94
	'/'  shift 95
	'%'  shift 96
	','  shift 155
	')'  reduce 98


state 115
	expr : '(' expr ')' .  (88)
	lval : '(' expr ')' . '[' expr ']'  (102)

	'['  shift 156
	tPRINTLINE  reduce 88
	'&'  reduce 88
	'|'  reduce 88
	tGE  reduce 88
	tLE  reduce 88
	tEQ  reduce 88
	tNE  reduce 88
	'>'  reduce 88
	'<'  reduce 88
	'+'  reduce 88
	'-'  reduce 88
	'*'  reduce 88
	'/'  reduce 88
	'%'  reduce 88
	';'  reduce 88
	')'  reduce 88
	'!'  reduce 88
	','  reduce 88
	']'  reduce 88


state 116
	expr : '[' expr ']' .  (87)

	.  reduce 87


state 117
	expr : expr . '&' expr  (74)
	expr : expr '&' expr .  (74)
	expr : expr . '|' expr  (75)
	expr : expr . '+' expr  (76)
	expr : expr . '-' expr  (77)
	expr : expr . '*' expr  (78)
	expr : expr . '/' expr  (79)
	expr : expr . '%' expr  (80)
	expr : expr . '<' expr  (81)
	expr : expr . '>' expr  (82)
	expr : expr . tGE expr  (83)
	expr : expr . tLE expr  (84)
	expr : expr . tNE expr  (85)
	expr : expr . tEQ expr  (86)

	tGE  shift 86
	tLE  shift 87
	tEQ  shift 88
	tNE  shift 89
	'>'  shift 90
	'<'  shift 91
	'+'  shift 92
	'-'  shift 93
	'*'  shift 94
	'/'  shift 95
	'%'  shift 96
	tPRINTLINE  reduce 74
	'&'  reduce 74
	'|'  reduce 74
	';'  reduce 74
	')'  reduce 74
	'!'  reduce 74
	','  reduce 74
	']'  reduce 74


state 118
	expr : expr . '&' expr  (74)
	expr : expr . '|' expr  (75)
	expr : expr '|' expr .  (75)
	expr : expr . '+' expr  (76)
	expr : expr . '-' expr  (77)
	expr : expr . '*' expr  (78)
	expr : expr . '/' expr  (79)
	expr : expr . '%' expr  (80)
	expr : expr . '<' expr  (81)
	expr : expr . '>' expr  (82)
	expr : expr . tGE expr  (83)
	expr : expr . tLE expr  (84)
	expr : expr . tNE expr  (85)
	expr : expr . tEQ expr  (86)

	tGE  shift 86
	tLE  shift 87
	tEQ  shift 88
	tNE  shift 89
	'>'  shift 90
	'<'  shift 91
	'+'  shift 92
	'-'  shift 93
	'*'  shift 94
	'/'  shift 95
	'%'  shift 96
	tPRINTLINE  reduce 75
	'&'  reduce 75
	'|'  reduce 75
	';'  reduce 75
	')'  reduce 75
	'!'  reduce 75
	','  reduce 75
	']'  reduce 75


state 119
	expr : expr . '&' expr  (74)
	expr : expr . '|' expr  (75)
	expr : expr . '+' expr  (76)
	expr : expr . '-' expr  (77)
	expr : expr . '*' expr  (78)
	expr : expr . '/' expr  (79)
	expr : expr . '%' expr  (80)
	expr : expr . '<' expr  (81)
	expr : expr . '>' expr  (82)
	expr : expr . tGE expr  (83)
	expr : expr tGE expr .  (83)
	expr : expr . tLE expr  (84)
	expr : expr . tNE expr  (85)
	expr : expr . tEQ expr  (86)

	'+'  shift 92
	'-'  shift 93
	'*'  shift 94
	'/'  shift 95
	'%'  shift 96
	tPRINTLINE  reduce 83
	'&'  reduce 83
	'|'  reduce 83
	tGE  reduce 83
	tLE  reduce 83
	tEQ  reduce 83
	tNE  reduce 83
	'>'  reduce 83
	'<'  reduce 83
	';'  reduce 83
	')'  reduce 83
	'!'  reduce 83
	','  reduce 83
	']'  reduce 83


state 120
	expr : expr . '&' expr  (74)
	expr : expr . '|' expr  (75)
	expr : expr . '+' expr  (76)
	expr : expr . '-' expr  (77)
	expr : expr . '*' expr  (78)
	expr : expr . '/' expr  (79)
	expr : expr . '%' expr  (80)
	expr : expr . '<' expr  (81)
	expr : expr . '>' expr  (82)
	expr : expr . tGE expr  (83)
	expr : expr . tLE expr  (84)
	expr : expr tLE expr .  (84)
	expr : expr . tNE expr  (85)
	expr : expr . tEQ expr  (86)

	'+'  shift 92
	'-'  shift 93
	'*'  shift 94
	'/'  shift 95
	'%'  shift 96
	tPRINTLINE  reduce 84
	'&'  reduce 84
	'|'  reduce 84
	tGE  reduce 84
	tLE  reduce 84
	tEQ  reduce 84
	tNE  reduce 84
	'>'  reduce 84
	'<'  reduce 84
	';'  reduce 84
	')'  reduce 84
	'!'  reduce 84
	','  reduce 84
	']'  reduce 84


state 121
	expr : expr . '&' expr  (74)
	expr : expr . '|' expr  (75)
	expr : expr . '+' expr  (76)
	expr : expr . '-' expr  (77)
	expr : expr . '*' expr  (78)
	expr : expr . '/' expr  (79)
	expr : expr . '%' expr  (80)
	expr : expr . '<' expr  (81)
	expr : expr . '>' expr  (82)
	expr : expr . tGE expr  (83)
	expr : expr . tLE expr  (84)
	expr : expr . tNE expr  (85)
	expr : expr . tEQ expr  (86)
	expr : expr tEQ expr .  (86)

	'+'  shift 92
	'-'  shift 93
	'*'  shift 94
	'/'  shift 95
	'%'  shift 96
	tPRINTLINE  reduce 86
	'&'  reduce 86
	'|'  reduce 86
	tGE  reduce 86
	tLE  reduce 86
	tEQ  reduce 86
	tNE  reduce 86
	'>'  reduce 86
	'<'  reduce 86
	';'  reduce 86
	')'  reduce 86
	'!'  reduce 86
	','  reduce 86
	']'  reduce 86


state 122
	expr : expr . '&' expr  (74)
	expr : expr . '|' expr  (75)
	expr : expr . '+' expr  (76)
	expr : expr . '-' expr  (77)
	expr : expr . '*' expr  (78)
	expr : expr . '/' expr  (79)
	expr : expr . '%' expr  (80)
	expr : expr . '<' expr  (81)
	expr : expr . '>' expr  (82)
	expr : expr . tGE expr  (83)
	expr : expr . tLE expr  (84)
	expr : expr . tNE expr  (85)
	expr : expr tNE expr .  (85)
	expr : expr . tEQ expr  (86)

	'+'  shift 92
	'-'  shift 93
	'*'  shift 94
	'/'  shift 95
	'%'  shift 96
	tPRINTLINE  reduce 85
	'&'  reduce 85
	'|'  reduce 85
	tGE  reduce 85
	tLE  reduce 85
	tEQ  reduce 85
	tNE  reduce 85
	'>'  reduce 85
	'<'  reduce 85
	';'  reduce 85
	')'  reduce 85
	'!'  reduce 85
	','  reduce 85
	']'  reduce 85


state 123
	expr : expr . '&' expr  (74)
	expr : expr . '|' expr  (75)
	expr : expr . '+' expr  (76)
	expr : expr . '-' expr  (77)
	expr : expr . '*' expr  (78)
	expr : expr . '/' expr  (79)
	expr : expr . '%' expr  (80)
	expr : expr . '<' expr  (81)
	expr : expr . '>' expr  (82)
	expr : expr '>' expr .  (82)
	expr : expr . tGE expr  (83)
	expr : expr . tLE expr  (84)
	expr : expr . tNE expr  (85)
	expr : expr . tEQ expr  (86)

	'+'  shift 92
	'-'  shift 93
	'*'  shift 94
	'/'  shift 95
	'%'  shift 96
	tPRINTLINE  reduce 82
	'&'  reduce 82
	'|'  reduce 82
	tGE  reduce 82
	tLE  reduce 82
	tEQ  reduce 82
	tNE  reduce 82
	'>'  reduce 82
	'<'  reduce 82
	';'  reduce 82
	')'  reduce 82
	'!'  reduce 82
	','  reduce 82
	']'  reduce 82


state 124
	expr : expr . '&' expr  (74)
	expr : expr . '|' expr  (75)
	expr : expr . '+' expr  (76)
	expr : expr . '-' expr  (77)
	expr : expr . '*' expr  (78)
	expr : expr . '/' expr  (79)
	expr : expr . '%' expr  (80)
	expr : expr . '<' expr  (81)
	expr : expr '<' expr .  (81)
	expr : expr . '>' expr  (82)
	expr : expr . tGE expr  (83)
	expr : expr . tLE expr  (84)
	expr : expr . tNE expr  (85)
	expr : expr . tEQ expr  (86)

	'+'  shift 92
	'-'  shift 93
	'*'  shift 94
	'/'  shift 95
	'%'  shift 96
	tPRINTLINE  reduce 81
	'&'  reduce 81
	'|'  reduce 81
	tGE  reduce 81
	tLE  reduce 81
	tEQ  reduce 81
	tNE  reduce 81
	'>'  reduce 81
	'<'  reduce 81
	';'  reduce 81
	')'  reduce 81
	'!'  reduce 81
	','  reduce 81
	']'  reduce 81


state 125
	expr : expr . '&' expr  (74)
	expr : expr . '|' expr  (75)
	expr : expr . '+' expr  (76)
	expr : expr '+' expr .  (76)
	expr : expr . '-' expr  (77)
	expr : expr . '*' expr  (78)
	expr : expr . '/' expr  (79)
	expr : expr . '%' expr  (80)
	expr : expr . '<' expr  (81)
	expr : expr . '>' expr  (82)
	expr : expr . tGE expr  (83)
	expr : expr . tLE expr  (84)
	expr : expr . tNE expr  (85)
	expr : expr . tEQ expr  (86)

	'*'  shift 94
	'/'  shift 95
	'%'  shift 96
	tPRINTLINE  reduce 76
	'&'  reduce 76
	'|'  reduce 76
	tGE  reduce 76
	tLE  reduce 76
	tEQ  reduce 76
	tNE  reduce 76
	'>'  reduce 76
	'<'  reduce 76
	'+'  reduce 76
	'-'  reduce 76
	';'  reduce 76
	')'  reduce 76
	'!'  reduce 76
	','  reduce 76
	']'  reduce 76


state 126
	expr : expr . '&' expr  (74)
	expr : expr . '|' expr  (75)
	expr : expr . '+' expr  (76)
	expr : expr . '-' expr  (77)
	expr : expr '-' expr .  (77)
	expr : expr . '*' expr  (78)
	expr : expr . '/' expr  (79)
	expr : expr . '%' expr  (80)
	expr : expr . '<' expr  (81)
	expr : expr . '>' expr  (82)
	expr : expr . tGE expr  (83)
	expr : expr . tLE expr  (84)
	expr : expr . tNE expr  (85)
	expr : expr . tEQ expr  (86)

	'*'  shift 94
	'/'  shift 95
	'%'  shift 96
	tPRINTLINE  reduce 77
	'&'  reduce 77
	'|'  reduce 77
	tGE  reduce 77
	tLE  reduce 77
	tEQ  reduce 77
	tNE  reduce 77
	'>'  reduce 77
	'<'  reduce 77
	'+'  reduce 77
	'-'  reduce 77
	';'  reduce 77
	')'  reduce 77
	'!'  reduce 77
	','  reduce 77
	']'  reduce 77


state 127
	expr : expr . '&' expr  (74)
	expr : expr . '|' expr  (75)
	expr : expr . '+' expr  (76)
	expr : expr . '-' expr  (77)
	expr : expr . '*' expr  (78)
	expr : expr '*' expr .  (78)
	expr : expr . '/' expr  (79)
	expr : expr . '%' expr  (80)
	expr : expr . '<' expr  (81)
	expr : expr . '>' expr  (82)
	expr : expr . tGE expr  (83)
	expr : expr . tLE expr  (84)
	expr : expr . tNE expr  (85)
	expr : expr . tEQ expr  (86)

	.  reduce 78


state 128
	expr : expr . '&' expr  (74)
	expr : expr . '|' expr  (75)
	expr : expr . '+' expr  (76)
	expr : expr . '-' expr  (77)
	expr : expr . '*' expr  (78)
	expr : expr . '/' expr  (79)
	expr : expr '/' expr .  (79)
	expr : expr . '%' expr  (80)
	expr : expr . '<' expr  (81)
	expr : expr . '>' expr  (82)
	expr : expr . tGE expr  (83)
	expr : expr . tLE expr  (84)
	expr : expr . tNE expr  (85)
	expr : expr . tEQ expr  (86)

	.  reduce 79


state 129
	expr : expr . '&' expr  (74)
	expr : expr . '|' expr  (75)
	expr : expr . '+' expr  (76)
	expr : expr . '-' expr  (77)
	expr : expr . '*' expr  (78)
	expr : expr . '/' expr  (79)
	expr : expr . '%' expr  (80)
	expr : expr '%' expr .  (80)
	expr : expr . '<' expr  (81)
	expr : expr . '>' expr  (82)
	expr : expr . tGE expr  (83)
	expr : expr . tLE expr  (84)
	expr : expr . tNE expr  (85)
	expr : expr . tEQ expr  (86)

	.  reduce 80


state 130
	expr : expr . '&' expr  (74)
	expr : expr . '|' expr  (75)
	expr : expr . '+' expr  (76)
	expr : expr . '-' expr  (77)
	expr : expr . '*' expr  (78)
	expr : expr . '/' expr  (79)
	expr : expr . '%' expr  (80)
	expr : expr . '<' expr  (81)
	expr : expr . '>' expr  (82)
	expr : expr . tGE expr  (83)
	expr : expr . tLE expr  (84)
	expr : expr . tNE expr  (85)
	expr : expr . tEQ expr  (86)
	lval : functionCall '[' expr . ']'  (101)

	'&'  shift 84
	'|'  shift 85
	tGE  shift 86
	tLE  shift 87
	tEQ  shift 88
	tNE  shift 89
	'>'  shift 90
	'<'  shift 91
	'+'  shift 92
	'-'  shift 93
	'*'  shift 94
	'/'  shift 95
	'%'  shift 96
	']'  shift 157
	.  error


state 131
	expr : expr . '&' expr  (74)
	expr : expr . '|' expr  (75)
	expr : expr . '+' expr  (76)
	expr : expr . '-' expr  (77)
	expr : expr . '*' expr  (78)
	expr : expr . '/' expr  (79)
	expr : expr . '%' expr  (80)
	expr : expr . '<' expr  (81)
	expr : expr . '>' expr  (82)
	expr : expr . tGE expr  (83)
	expr : expr . tLE expr  (84)
	expr : expr . tNE expr  (85)
	expr : expr . tEQ expr  (86)
	expr : lval '=' expr .  (92)

	'&'  shift 84
	'|'  shift 85
	tGE  shift 86
	tLE  shift 87
	tEQ  shift 88
	tNE  shift 89
	'>'  shift 90
	'<'  shift 91
	'+'  shift 92
	'-'  shift 93
	'*'  shift 94
	'/'  shift 95
	'%'  shift 96
	tPRINTLINE  reduce 92
	';'  reduce 92
	')'  reduce 92
	'!'  reduce 92
	','  reduce 92
	']'  reduce 92


state 132
	expr : expr . '&' expr  (74)
	expr : expr . '|' expr  (75)
	expr : expr . '+' expr  (76)
	expr : expr . '-' expr  (77)
	expr : expr . '*' expr  (78)
	expr : expr . '/' expr  (79)
	expr : expr . '%' expr  (80)
	expr : expr . '<' expr  (81)
	expr : expr . '>' expr  (82)
	expr : expr . tGE expr  (83)
	expr : expr . tLE expr  (84)
	expr : expr . tNE expr  (85)
	expr : expr . tEQ expr  (86)
	lval : lval '[' expr . ']'  (100)

	'&'  shift 84
	'|'  shift 85
	tGE  shift 86
	tLE  shift 87
	tEQ  shift 88
	tNE  shift 89
	'>'  shift 90
	'<'  shift 91
	'+'  shift 92
	'-'  shift 93
	'*'  shift 94
	'/'  shift 95
	'%'  shift 96
	']'  shift 158
	.  error


state 133
	funcDef : type tIDENTIFIER '(' funcArgs ')' '=' . literal block  (27)

	tINTEGER  shift 50
	tSTRING  shift 52
	tREAL  shift 53
	tNOOB  shift 54
	.  error

	literal  goto 159
	strLiteral  goto 65


state 134
	funcDef : type tIDENTIFIER '(' funcArgs ')' block .  (26)

	.  reduce 26


state 135
	outBlockVarDecl : tLOCAL '<' type '>' tIDENTIFIER '=' expr .  (18)
	expr : expr . '&' expr  (74)
	expr : expr . '|' expr  (75)
	expr : expr . '+' expr  (76)
	expr : expr . '-' expr  (77)
	expr : expr . '*' expr  (78)
	expr : expr . '/' expr  (79)
	expr : expr . '%' expr  (80)
	expr : expr . '<' expr  (81)
	expr : expr . '>' expr  (82)
	expr : expr . tGE expr  (83)
	expr : expr . tLE expr  (84)
	expr : expr . tNE expr  (85)
	expr : expr . tEQ expr  (86)

	'&'  shift 84
	'|'  shift 85
	tGE  shift 86
	tLE  shift 87
	tEQ  shift 88
	tNE  shift 89
	'>'  shift 90
	'<'  shift 91
	'+'  shift 92
	'-'  shift 93
	'*'  shift 94
	'/'  shift 95
	'%'  shift 96
	';'  reduce 18


state 136
	funcDef : tLOCAL '!' tIDENTIFIER '(' funcArgs ')' block .  (25)

	.  reduce 25


state 137
	funcDef : tLOCAL type tIDENTIFIER '(' funcArgs ')' '=' . literal block  (24)

	tINTEGER  shift 50
	tSTRING  shift 52
	tREAL  shift 53
	tNOOB  shift 54
	.  error

	literal  goto 160
	strLiteral  goto 65


state 138
	funcDef : tLOCAL type tIDENTIFIER '(' funcArgs ')' block .  (23)

	.  reduce 23


state 139
	stmt : tREPEAT . '(' optExpr ';' optExpr ';' optExpr ')' stmt  (63)

	'('  shift 161
	.  error


state 140
	stmt : tIF . '(' expr ')' stmt  (61)
	stmt : tIF . '(' expr ')' stmt tELSE stmt  (62)

	'('  shift 162
	.  error


state 141
	returnable : tRETURN .  (44)

	.  reduce 44


state 142
	stmt : tNEXT . ';'  (66)
	stmt : tNEXT . tINTEGER ';'  (67)

	tINTEGER  shift 163
	';'  shift 164
	.  error


state 143
	stmt : tSTOP . ';'  (64)
	stmt : tSTOP . tINTEGER ';'  (65)

	tINTEGER  shift 165
	';'  shift 166
	.  error


state 144
	inBlockVarDecl : '<' . type '>' tIDENTIFIER '=' expr  (14)

	'*'  shift 4
	'%'  shift 5
	'#'  shift 7
	'$'  shift 8
	.  error

	type  goto 167


state 145
	list : stmt .  (56)

	.  reduce 56


state 146
	stmt : block .  (68)

	.  reduce 68


state 147
	insideBlockDecls : insideBlockDecl .  (6)

	.  reduce 6


state 148
	block : '{' returnable . '}'  (43)

	'}'  shift 168
	.  error


state 149
	insideBlockDecl : inBlockVarDecl . ';'  (11)

	';'  shift 169
	.  error


state 150
	block : '{' list . returnable '}'  (42)
	list : list . stmt  (57)
	returnable : .  (45)

	tINTEGER  shift 50
	tIDENTIFIER  shift 51
	tSTRING  shift 52
	tREAL  shift 53
	tREPEAT  shift 139
	tIF  shift 140
	tRETURN  shift 141
	tNOOB  shift 54
	tNEXT  shift 142
	tSTOP  shift 143
	'+'  shift 55
	'-'  shift 56
	'~'  shift 57
	'('  shift 58
	'{'  shift 109
	'['  shift 59
	'@'  shift 60
	'}'  reduce 45

	stmt  goto 170
	block  goto 146
	returnable  goto 171
	expr  goto 152
	literal  goto 62
	functionCall  goto 63
	lval  goto 64
	strLiteral  goto 65


state 151
	insideBlockDecls : insideBlockDecls . insideBlockDecl  (7)
	block : '{' insideBlockDecls . list returnable '}'  (40)
	block : '{' insideBlockDecls . returnable '}'  (41)
	returnable : .  (45)

	tINTEGER  shift 50
	tIDENTIFIER  shift 51
	tSTRING  shift 52
	tREAL  shift 53
	tREPEAT  shift 139
	tIF  shift 140
	tRETURN  shift 141
	tNOOB  shift 54
	tNEXT  shift 142
	tSTOP  shift 143
	'<'  shift 144
	'+'  shift 55
	'-'  shift 56
	'*'  shift 4
	'%'  shift 5
	'~'  shift 57
	'('  shift 58
	'{'  shift 109
	'#'  shift 7
	'$'  shift 8
	'['  shift 59
	'@'  shift 60
	'}'  reduce 45

	stmt  goto 145
	block  goto 146
	insideBlockDecl  goto 172
	returnable  goto 173
	inBlockVarDecl  goto 149
	list  goto 174
	expr  goto 152
	literal  goto 62
	functionCall  goto 63
	lval  goto 64
	type  goto 153
	strLiteral  goto 65


state 152
	stmt : expr . ';'  (58)
	stmt : expr . tPRINTLINE  (59)
	stmt : expr . '!'  (60)
	expr : expr . '&' expr  (74)
	expr : expr . '|' expr  (75)
	expr : expr . '+' expr  (76)
	expr : expr . '-' expr  (77)
	expr : expr . '*' expr  (78)
	expr : expr . '/' expr  (79)
	expr : expr . '%' expr  (80)
	expr : expr . '<' expr  (81)
	expr : expr . '>' expr  (82)
	expr : expr . tGE expr  (83)
	expr : expr . tLE expr  (84)
	expr : expr . tNE expr  (85)
	expr : expr . tEQ expr  (86)

	tPRINTLINE  shift 175
	'&'  shift 84
	'|'  shift 85
	tGE  shift 86
	tLE  shift 87
	tEQ  shift 88
	tNE  shift 89
	'>'  shift 90
	'<'  shift 91
	'+'  shift 92
	'-'  shift 93
	'*'  shift 94
	'/'  shift 95
	'%'  shift 96
	';'  shift 176
	'!'  shift 177
	.  error


state 153
	inBlockVarDecl : type . tIDENTIFIER  (12)
	inBlockVarDecl : type . tIDENTIFIER '=' expr  (13)

	tIDENTIFIER  shift 178
	.  error


state 154
	functionCall : tIDENTIFIER '(' exprArgs ')' .  (93)

	.  reduce 93


state 155
	exprArgs : expr ',' . exprArgs  (97)

	tINTEGER  shift 50
	tIDENTIFIER  shift 51
	tSTRING  shift 52
	tREAL  shift 53
	tNOOB  shift 54
	'+'  shift 55
	'-'  shift 56
	'~'  shift 57
	'('  shift 58
	'['  shift 59
	'@'  shift 60
	.  error

	exprArgs  goto 179
	expr  goto 114
	literal  goto 62
	functionCall  goto 63
	lval  goto 64
	strLiteral  goto 65


state 156
	lval : '(' expr ')' '[' . expr ']'  (102)

	tINTEGER  shift 50
	tIDENTIFIER  shift 51
	tSTRING  shift 52
	tREAL  shift 53
	tNOOB  shift 54
	'+'  shift 55
	'-'  shift 56
	'~'  shift 57
	'('  shift 58
	'['  shift 59
	'@'  shift 60
	.  error

	expr  goto 180
	literal  goto 62
	functionCall  goto 63
	lval  goto 64
	strLiteral  goto 65


state 157
	lval : functionCall '[' expr ']' .  (101)

	.  reduce 101


state 158
	lval : lval '[' expr ']' .  (100)

	.  reduce 100


state 159
	funcDef : type tIDENTIFIER '(' funcArgs ')' '=' literal . block  (27)

	'{'  shift 109
	.  error

	block  goto 181


state 160
	funcDef : tLOCAL type tIDENTIFIER '(' funcArgs ')' '=' literal . block  (24)

	'{'  shift 109
	.  error

	block  goto 182


state 161
	stmt : tREPEAT '(' . optExpr ';' optExpr ';' optExpr ')' stmt  (63)
	optExpr : .  (96)

	tINTEGER  shift 50
	tIDENTIFIER  shift 51
	tSTRING  shift 52
	tREAL  shift 53
	tNOOB  shift 54
	'+'  shift 55
	'-'  shift 56
	'~'  shift 57
	'('  shift 58
	'['  shift 59
	'@'  shift 60
	';'  reduce 96

	expr  goto 183
	literal  goto 62
	functionCall  goto 63
	optExpr  goto 184
	lval  goto 64
	strLiteral  goto 65


state 162
	stmt : tIF '(' . expr ')' stmt  (61)
	stmt : tIF '(' . expr ')' stmt tELSE stmt  (62)

	tINTEGER  shift 50
	tIDENTIFIER  shift 51
	tSTRING  shift 52
	tREAL  shift 53
	tNOOB  shift 54
	'+'  shift 55
	'-'  shift 56
	'~'  shift 57
	'('  shift 58
	'['  shift 59
	'@'  shift 60
	.  error

	expr  goto 185
	literal  goto 62
	functionCall  goto 63
	lval  goto 64
	strLiteral  goto 65


state 163
	stmt : tNEXT tINTEGER . ';'  (67)

	';'  shift 186
	.  error


state 164
	stmt : tNEXT ';' .  (66)

	.  reduce 66


state 165
	stmt : tSTOP tINTEGER . ';'  (65)

	';'  shift 187
	.  error


state 166
	stmt : tSTOP ';' .  (64)

	.  reduce 64


state 167
	inBlockVarDecl : '<' type . '>' tIDENTIFIER '=' expr  (14)

	'>'  shift 188
	.  error


state 168
	block : '{' returnable '}' .  (43)

	.  reduce 43


state 169
	insideBlockDecl : inBlockVarDecl ';' .  (11)

	.  reduce 11


state 170
	list : list stmt .  (57)

	.  reduce 57


state 171
	block : '{' list returnable . '}'  (42)

	'}'  shift 189
	.  error


state 172
	insideBlockDecls : insideBlockDecls insideBlockDecl .  (7)

	.  reduce 7


state 173
	block : '{' insideBlockDecls returnable . '}'  (41)

	'}'  shift 190
	.  error


state 174
	block : '{' insideBlockDecls list . returnable '}'  (40)
	list : list . stmt  (57)
	returnable : .  (45)

	tINTEGER  shift 50
	tIDENTIFIER  shift 51
	tSTRING  shift 52
	tREAL  shift 53
	tREPEAT  shift 139
	tIF  shift 140
	tRETURN  shift 141
	tNOOB  shift 54
	tNEXT  shift 142
	tSTOP  shift 143
	'+'  shift 55
	'-'  shift 56
	'~'  shift 57
	'('  shift 58
	'{'  shift 109
	'['  shift 59
	'@'  shift 60
	'}'  reduce 45

	stmt  goto 170
	block  goto 146
	returnable  goto 191
	expr  goto 152
	literal  goto 62
	functionCall  goto 63
	lval  goto 64
	strLiteral  goto 65


state 175
	stmt : expr tPRINTLINE .  (59)

	.  reduce 59


state 176
	stmt : expr ';' .  (58)

	.  reduce 58


state 177
	stmt : expr '!' .  (60)

	.  reduce 60


state 178
	inBlockVarDecl : type tIDENTIFIER .  (12)
	inBlockVarDecl : type tIDENTIFIER . '=' expr  (13)

	'='  shift 192
	';'  reduce 12


state 179
	exprArgs : expr ',' exprArgs .  (97)

	.  reduce 97


state 180
	expr : expr . '&' expr  (74)
	expr : expr . '|' expr  (75)
	expr : expr . '+' expr  (76)
	expr : expr . '-' expr  (77)
	expr : expr . '*' expr  (78)
	expr : expr . '/' expr  (79)
	expr : expr . '%' expr  (80)
	expr : expr . '<' expr  (81)
	expr : expr . '>' expr  (82)
	expr : expr . tGE expr  (83)
	expr : expr . tLE expr  (84)
	expr : expr . tNE expr  (85)
	expr : expr . tEQ expr  (86)
	lval : '(' expr ')' '[' expr . ']'  (102)

	'&'  shift 84
	'|'  shift 85
	tGE  shift 86
	tLE  shift 87
	tEQ  shift 88
	tNE  shift 89
	'>'  shift 90
	'<'  shift 91
	'+'  shift 92
	'-'  shift 93
	'*'  shift 94
	'/'  shift 95
	'%'  shift 96
	']'  shift 193
	.  error


state 181
	funcDef : type tIDENTIFIER '(' funcArgs ')' '=' literal block .  (27)

	.  reduce 27


state 182
	funcDef : tLOCAL type tIDENTIFIER '(' funcArgs ')' '=' literal block .  (24)

	.  reduce 24


state 183
	expr : expr . '&' expr  (74)
	expr : expr . '|' expr  (75)
	expr : expr . '+' expr  (76)
	expr : expr . '-' expr  (77)
	expr : expr . '*' expr  (78)
	expr : expr . '/' expr  (79)
	expr : expr . '%' expr  (80)
	expr : expr . '<' expr  (81)
	expr : expr . '>' expr  (82)
	expr : expr . tGE expr  (83)
	expr : expr . tLE expr  (84)
	expr : expr . tNE expr  (85)
	expr : expr . tEQ expr  (86)
	optExpr : expr .  (95)

	'&'  shift 84
	'|'  shift 85
	tGE  shift 86
	tLE  shift 87
	tEQ  shift 88
	tNE  shift 89
	'>'  shift 90
	'<'  shift 91
	'+'  shift 92
	'-'  shift 93
	'*'  shift 94
	'/'  shift 95
	'%'  shift 96
	';'  reduce 95
	')'  reduce 95


state 184
	stmt : tREPEAT '(' optExpr . ';' optExpr ';' optExpr ')' stmt  (63)

	';'  shift 194
	.  error


state 185
	stmt : tIF '(' expr . ')' stmt  (61)
	stmt : tIF '(' expr . ')' stmt tELSE stmt  (62)
	expr : expr . '&' expr  (74)
	expr : expr . '|' expr  (75)
	expr : expr . '+' expr  (76)
	expr : expr . '-' expr  (77)
	expr : expr . '*' expr  (78)
	expr : expr . '/' expr  (79)
	expr : expr . '%' expr  (80)
	expr : expr . '<' expr  (81)
	expr : expr . '>' expr  (82)
	expr : expr . tGE expr  (83)
	expr : expr . tLE expr  (84)
	expr : expr . tNE expr  (85)
	expr : expr . tEQ expr  (86)

	'&'  shift 84
	'|'  shift 85
	tGE  shift 86
	tLE  shift 87
	tEQ  shift 88
	tNE  shift 89
	'>'  shift 90
	'<'  shift 91
	'+'  shift 92
	'-'  shift 93
	'*'  shift 94
	'/'  shift 95
	'%'  shift 96
	')'  shift 195
	.  error


state 186
	stmt : tNEXT tINTEGER ';' .  (67)

	.  reduce 67


state 187
	stmt : tSTOP tINTEGER ';' .  (65)

	.  reduce 65


state 188
	inBlockVarDecl : '<' type '>' . tIDENTIFIER '=' expr  (14)

	tIDENTIFIER  shift 196
	.  error


state 189
	block : '{' list returnable '}' .  (42)

	.  reduce 42


state 190
	block : '{' insideBlockDecls returnable '}' .  (41)

	.  reduce 41


state 191
	block : '{' insideBlockDecls list returnable . '}'  (40)

	'}'  shift 197
	.  error


state 192
	inBlockVarDecl : type tIDENTIFIER '=' . expr  (13)

	tINTEGER  shift 50
	tIDENTIFIER  shift 51
	tSTRING  shift 52
	tREAL  shift 53
	tNOOB  shift 54
	'+'  shift 55
	'-'  shift 56
	'~'  shift 57
	'('  shift 58
	'['  shift 59
	'@'  shift 60
	.  error

	expr  goto 198
	literal  goto 62
	functionCall  goto 63
	lval  goto 64
	strLiteral  goto 65


state 193
	lval : '(' expr ')' '[' expr ']' .  (102)

	.  reduce 102


state 194
	stmt : tREPEAT '(' optExpr ';' . optExpr ';' optExpr ')' stmt  (63)
	optExpr : .  (96)

	tINTEGER  shift 50
	tIDENTIFIER  shift 51
	tSTRING  shift 52
	tREAL  shift 53
	tNOOB  shift 54
	'+'  shift 55
	'-'  shift 56
	'~'  shift 57
	'('  shift 58
	'['  shift 59
	'@'  shift 60
	';'  reduce 96

	expr  goto 183
	literal  goto 62
	functionCall  goto 63
	optExpr  goto 199
	lval  goto 64
	strLiteral  goto 65


state 195
	stmt : tIF '(' expr ')' . stmt  (61)
	stmt : tIF '(' expr ')' . stmt tELSE stmt  (62)

	tINTEGER  shift 50
	tIDENTIFIER  shift 51
	tSTRING  shift 52
	tREAL  shift 53
	tREPEAT  shift 139
	tIF  shift 140
	tNOOB  shift 54
	tNEXT  shift 142
	tSTOP  shift 143
	'+'  shift 55
	'-'  shift 56
	'~'  shift 57
	'('  shift 58
	'{'  shift 109
	'['  shift 59
	'@'  shift 60
	.  error

	stmt  goto 200
	block  goto 146
	expr  goto 152
	literal  goto 62
	functionCall  goto 63
	lval  goto 64
	strLiteral  goto 65


state 196
	inBlockVarDecl : '<' type '>' tIDENTIFIER . '=' expr  (14)

	'='  shift 201
	.  error


state 197
	block : '{' insideBlockDecls list returnable '}' .  (40)

	.  reduce 40


state 198
	inBlockVarDecl : type tIDENTIFIER '=' expr .  (13)
	expr : expr . '&' expr  (74)
	expr : expr . '|' expr  (75)
	expr : expr . '+' expr  (76)
	expr : expr . '-' expr  (77)
	expr : expr . '*' expr  (78)
	expr : expr . '/' expr  (79)
	expr : expr . '%' expr  (80)
	expr : expr . '<' expr  (81)
	expr : expr . '>' expr  (82)
	expr : expr . tGE expr  (83)
	expr : expr . tLE expr  (84)
	expr : expr . tNE expr  (85)
	expr : expr . tEQ expr  (86)

	'&'  shift 84
	'|'  shift 85
	tGE  shift 86
	tLE  shift 87
	tEQ  shift 88
	tNE  shift 89
	'>'  shift 90
	'<'  shift 91
	'+'  shift 92
	'-'  shift 93
	'*'  shift 94
	'/'  shift 95
	'%'  shift 96
	';'  reduce 13


state 199
	stmt : tREPEAT '(' optExpr ';' optExpr . ';' optExpr ')' stmt  (63)

	';'  shift 202
	.  error


state 200
	stmt : tIF '(' expr ')' stmt .  (61)
	stmt : tIF '(' expr ')' stmt . tELSE stmt  (62)

	tELSE  shift 203
	tINTEGER  reduce 61
	tIDENTIFIER  reduce 61
	tSTRING  reduce 61
	tREAL  reduce 61
	tREPEAT  reduce 61
	tIF  reduce 61
	tRETURN  reduce 61
	tNOOB  reduce 61
	tNEXT  reduce 61
	tSTOP  reduce 61
	'+'  reduce 61
	'-'  reduce 61
	'~'  reduce 61
	'('  reduce 61
	'{'  reduce 61
	'}'  reduce 61
	'['  reduce 61
	'@'  reduce 61


state 201
	inBlockVarDecl : '<' type '>' tIDENTIFIER '=' . expr  (14)

	tINTEGER  shift 50
	tIDENTIFIER  shift 51
	tSTRING  shift 52
	tREAL  shift 53
	tNOOB  shift 54
	'+'  shift 55
	'-'  shift 56
	'~'  shift 57
	'('  shift 58
	'['  shift 59
	'@'  shift 60
	.  error

	expr  goto 204
	literal  goto 62
	functionCall  goto 63
	lval  goto 64
	strLiteral  goto 65


state 202
	stmt : tREPEAT '(' optExpr ';' optExpr ';' . optExpr ')' stmt  (63)
	optExpr : .  (96)

	tINTEGER  shift 50
	tIDENTIFIER  shift 51
	tSTRING  shift 52
	tREAL  shift 53
	tNOOB  shift 54
	'+'  shift 55
	'-'  shift 56
	'~'  shift 57
	'('  shift 58
	'['  shift 59
	'@'  shift 60
	')'  reduce 96

	expr  goto 183
	literal  goto 62
	functionCall  goto 63
	optExpr  goto 205
	lval  goto 64
	strLiteral  goto 65


state 203
	stmt : tIF '(' expr ')' stmt tELSE . stmt  (62)

	tINTEGER  shift 50
	tIDENTIFIER  shift 51
	tSTRING  shift 52
	tREAL  shift 53
	tREPEAT  shift 139
	tIF  shift 140
	tNOOB  shift 54
	tNEXT  shift 142
	tSTOP  shift 143
	'+'  shift 55
	'-'  shift 56
	'~'  shift 57
	'('  shift 58
	'{'  shift 109
	'['  shift 59
	'@'  shift 60
	.  error

	stmt  goto 206
	block  goto 146
	expr  goto 152
	literal  goto 62
	functionCall  goto 63
	lval  goto 64
	strLiteral  goto 65


state 204
	inBlockVarDecl : '<' type '>' tIDENTIFIER '=' expr .  (14)
	expr : expr . '&' expr  (74)
	expr : expr . '|' expr  (75)
	expr : expr . '+' expr  (76)
	expr : expr . '-' expr  (77)
	expr : expr . '*' expr  (78)
	expr : expr . '/' expr  (79)
	expr : expr . '%' expr  (80)
	expr : expr . '<' expr  (81)
	expr : expr . '>' expr  (82)
	expr : expr . tGE expr  (83)
	expr : expr . tLE expr  (84)
	expr : expr . tNE expr  (85)
	expr : expr . tEQ expr  (86)

	'&'  shift 84
	'|'  shift 85
	tGE  shift 86
	tLE  shift 87
	tEQ  shift 88
	tNE  shift 89
	'>'  shift 90
	'<'  shift 91
	'+'  shift 92
	'-'  shift 93
	'*'  shift 94
	'/'  shift 95
	'%'  shift 96
	';'  reduce 14


state 205
	stmt : tREPEAT '(' optExpr ';' optExpr ';' optExpr . ')' stmt  (63)

	')'  shift 207
	.  error


state 206
	stmt : tIF '(' expr ')' stmt tELSE stmt .  (62)

	.  reduce 62


state 207
	stmt : tREPEAT '(' optExpr ';' optExpr ';' optExpr ')' . stmt  (63)

	tINTEGER  shift 50
	tIDENTIFIER  shift 51
	tSTRING  shift 52
	tREAL  shift 53
	tREPEAT  shift 139
	tIF  shift 140
	tNOOB  shift 54
	tNEXT  shift 142
	tSTOP  shift 143
	'+'  shift 55
	'-'  shift 56
	'~'  shift 57
	'('  shift 58
	'{'  shift 109
	'['  shift 59
	'@'  shift 60
	.  error

	stmt  goto 208
	block  goto 146
	expr  goto 152
	literal  goto 62
	functionCall  goto 63
	lval  goto 64
	strLiteral  goto 65


state 208
	stmt : tREPEAT '(' optExpr ';' optExpr ';' optExpr ')' stmt .  (63)

	.  reduce 63


47 terminals, 26 nonterminals
103 grammar rules, 209 states
